<?xml version="1.0" encoding="UTF-8"?>
<!-- Generated by org.testng.reporters.JUnitXMLReporter -->
<testsuite ignored="0" hostname="DESKTOP-O78VITR" failures="0" tests="11" name="Default test" time="274.517" errors="0" timestamp="2021-04-05T18:27:15 CDT">
  <testcase classname="mi.app.selenium.tsd.MyStoreTest" name="createAccountUser" time="12.166"/>
  <testcase classname="mi.app.selenium.tsd.MyStoreTest" name="happySignIn" time="6.976"/>
  <testcase classname="mi.app.selenium.tsd.MyStoreTest" name="wrongSignInEmail" time="7.342"/>
  <testcase classname="mi.app.selenium.tsd.MyStoreTest" name="wrognSignInPasswd" time="6.95"/>
  <testcase classname="mi.app.selenium.tsd.MyStoreTest" name="addCart" time="15.332"/>
  <testcase classname="mi.app.selenium.tsd.MyStoreTest" name="purchaseTDC" time="25.148"/>
  <testcase classname="mi.app.selenium.tsd.MyStoreTest" name="purchaseCheck" time="25.321"/>
  <testcase classname="mi.app.selenium.tsd.MyStoreTest" name="purchaseFromCartTDC" time="30.968"/>
  <testcase classname="mi.app.selenium.tsd.MyStoreTest" name="purchaseFromCartCheck" time="26.2"/>
  <testcase classname="mi.app.selenium.tsd.MyStoreTest" name="addToWishList" time="18.121"/>
  <testcase classname="mi.app.selenium.tsd.MyStoreTest" name="sendWishList" time="16.444"/>
</testsuite> <!-- Default test -->
