<?xml version="1.0" encoding="UTF-8"?>
<testng-results ignored="0" total="1" passed="1" failed="0" skipped="0">
  <reporter-output>
  </reporter-output>
  <suite started-at="2021-04-02T16:14:53 CST" name="Default suite" finished-at="2021-04-02T16:15:19 CST" duration-ms="25994">
    <groups>
    </groups>
    <test started-at="2021-04-02T16:14:53 CST" name="Default test" finished-at="2021-04-02T16:15:19 CST" duration-ms="25994">
      <class name="mi.app.selenium.tsd.MyStoreTest">
        <test-method is-config="true" signature="setupDriver()[pri:0, instance:mi.app.selenium.tsd.MyStoreTest@1f97cf0d]" started-at="2021-04-02T16:14:53 CST" name="setupDriver" finished-at="2021-04-02T16:15:01 CST" duration-ms="8383" status="PASS">
          <reporter-output>
          </reporter-output>
        </test-method> <!-- setupDriver -->
        <test-method is-config="true" signature="setupClasses()[pri:0, instance:mi.app.selenium.tsd.MyStoreTest@1f97cf0d]" started-at="2021-04-02T16:15:01 CST" name="setupClasses" finished-at="2021-04-02T16:15:01 CST" duration-ms="34" status="PASS">
          <reporter-output>
          </reporter-output>
        </test-method> <!-- setupClasses -->
        <test-method signature="createRopaAccount()[pri:0, instance:mi.app.selenium.tsd.MyStoreTest@1f97cf0d]" started-at="2021-04-02T16:15:01 CST" name="createRopaAccount" finished-at="2021-04-02T16:15:19 CST" duration-ms="17535" status="PASS">
          <reporter-output>
          </reporter-output>
        </test-method> <!-- createRopaAccount -->
        <test-method is-config="true" signature="closeDriver()[pri:0, instance:mi.app.selenium.tsd.MyStoreTest@1f97cf0d]" started-at="2021-04-02T16:15:19 CST" name="closeDriver" finished-at="2021-04-02T16:15:19 CST" duration-ms="1" status="PASS">
          <reporter-output>
          </reporter-output>
        </test-method> <!-- closeDriver -->
      </class> <!-- mi.app.selenium.tsd.MyStoreTest -->
    </test> <!-- Default test -->
  </suite> <!-- Default suite -->
</testng-results>
