<?xml version="1.0" encoding="UTF-8"?>
<testng-results ignored="0" total="11" passed="11" failed="0" skipped="0">
  <reporter-output>
  </reporter-output>
  <suite started-at="2021-04-05T18:22:41 CDT" name="Default suite" finished-at="2021-04-05T18:27:15 CDT" duration-ms="274517">
    <groups>
    </groups>
    <test started-at="2021-04-05T18:22:41 CDT" name="Default test" finished-at="2021-04-05T18:27:15 CDT" duration-ms="274517">
      <class name="mi.app.selenium.tsd.MyStoreTest">
        <test-method is-config="true" signature="setupDriver()[pri:0, instance:mi.app.selenium.tsd.MyStoreTest@3a6bb9bf]" started-at="2021-04-05T18:22:41 CDT" name="setupDriver" finished-at="2021-04-05T18:22:48 CDT" duration-ms="7142" status="PASS">
          <reporter-output>
          </reporter-output>
        </test-method> <!-- setupDriver -->
        <test-method signature="createAccountUser()[pri:0, instance:mi.app.selenium.tsd.MyStoreTest@3a6bb9bf]" started-at="2021-04-05T18:22:48 CDT" name="createAccountUser" finished-at="2021-04-05T18:23:00 CDT" duration-ms="12166" status="PASS">
          <reporter-output>
          </reporter-output>
        </test-method> <!-- createAccountUser -->
        <test-method is-config="true" signature="afterTest()[pri:0, instance:mi.app.selenium.tsd.MyStoreTest@3a6bb9bf]" started-at="2021-04-05T18:23:00 CDT" name="afterTest" finished-at="2021-04-05T18:23:01 CDT" duration-ms="820" status="PASS">
          <reporter-output>
          </reporter-output>
        </test-method> <!-- afterTest -->
        <test-method is-config="true" signature="setupDriver()[pri:0, instance:mi.app.selenium.tsd.MyStoreTest@3a6bb9bf]" started-at="2021-04-05T18:23:01 CDT" name="setupDriver" finished-at="2021-04-05T18:23:08 CDT" duration-ms="7248" status="PASS">
          <reporter-output>
          </reporter-output>
        </test-method> <!-- setupDriver -->
        <test-method signature="happySignIn()[pri:0, instance:mi.app.selenium.tsd.MyStoreTest@3a6bb9bf]" started-at="2021-04-05T18:23:08 CDT" name="happySignIn" finished-at="2021-04-05T18:23:15 CDT" duration-ms="6976" status="PASS">
          <reporter-output>
          </reporter-output>
        </test-method> <!-- happySignIn -->
        <test-method is-config="true" signature="afterTest()[pri:0, instance:mi.app.selenium.tsd.MyStoreTest@3a6bb9bf]" started-at="2021-04-05T18:23:15 CDT" name="afterTest" finished-at="2021-04-05T18:23:16 CDT" duration-ms="740" status="PASS">
          <reporter-output>
          </reporter-output>
        </test-method> <!-- afterTest -->
        <test-method is-config="true" signature="setupDriver()[pri:0, instance:mi.app.selenium.tsd.MyStoreTest@3a6bb9bf]" started-at="2021-04-05T18:23:16 CDT" name="setupDriver" finished-at="2021-04-05T18:23:21 CDT" duration-ms="5582" status="PASS">
          <reporter-output>
          </reporter-output>
        </test-method> <!-- setupDriver -->
        <test-method signature="wrongSignInEmail()[pri:0, instance:mi.app.selenium.tsd.MyStoreTest@3a6bb9bf]" started-at="2021-04-05T18:23:21 CDT" name="wrongSignInEmail" finished-at="2021-04-05T18:23:29 CDT" duration-ms="7342" status="PASS">
          <reporter-output>
          </reporter-output>
        </test-method> <!-- wrongSignInEmail -->
        <test-method is-config="true" signature="afterTest()[pri:0, instance:mi.app.selenium.tsd.MyStoreTest@3a6bb9bf]" started-at="2021-04-05T18:23:29 CDT" name="afterTest" finished-at="2021-04-05T18:23:29 CDT" duration-ms="759" status="PASS">
          <reporter-output>
          </reporter-output>
        </test-method> <!-- afterTest -->
        <test-method is-config="true" signature="setupDriver()[pri:0, instance:mi.app.selenium.tsd.MyStoreTest@3a6bb9bf]" started-at="2021-04-05T18:23:29 CDT" name="setupDriver" finished-at="2021-04-05T18:23:38 CDT" duration-ms="8682" status="PASS">
          <reporter-output>
          </reporter-output>
        </test-method> <!-- setupDriver -->
        <test-method signature="wrognSignInPasswd()[pri:0, instance:mi.app.selenium.tsd.MyStoreTest@3a6bb9bf]" started-at="2021-04-05T18:23:38 CDT" name="wrognSignInPasswd" finished-at="2021-04-05T18:23:45 CDT" duration-ms="6950" status="PASS">
          <reporter-output>
          </reporter-output>
        </test-method> <!-- wrognSignInPasswd -->
        <test-method is-config="true" signature="afterTest()[pri:0, instance:mi.app.selenium.tsd.MyStoreTest@3a6bb9bf]" started-at="2021-04-05T18:23:45 CDT" name="afterTest" finished-at="2021-04-05T18:23:46 CDT" duration-ms="764" status="PASS">
          <reporter-output>
          </reporter-output>
        </test-method> <!-- afterTest -->
        <test-method is-config="true" signature="setupDriver()[pri:0, instance:mi.app.selenium.tsd.MyStoreTest@3a6bb9bf]" started-at="2021-04-05T18:23:46 CDT" name="setupDriver" finished-at="2021-04-05T18:23:53 CDT" duration-ms="6787" status="PASS">
          <reporter-output>
          </reporter-output>
        </test-method> <!-- setupDriver -->
        <test-method signature="addCart()[pri:0, instance:mi.app.selenium.tsd.MyStoreTest@3a6bb9bf]" started-at="2021-04-05T18:23:53 CDT" name="addCart" finished-at="2021-04-05T18:24:08 CDT" duration-ms="15332" status="PASS">
          <reporter-output>
          </reporter-output>
        </test-method> <!-- addCart -->
        <test-method is-config="true" signature="afterTest()[pri:0, instance:mi.app.selenium.tsd.MyStoreTest@3a6bb9bf]" started-at="2021-04-05T18:24:08 CDT" name="afterTest" finished-at="2021-04-05T18:24:09 CDT" duration-ms="779" status="PASS">
          <reporter-output>
          </reporter-output>
        </test-method> <!-- afterTest -->
        <test-method is-config="true" signature="setupDriver()[pri:0, instance:mi.app.selenium.tsd.MyStoreTest@3a6bb9bf]" started-at="2021-04-05T18:24:09 CDT" name="setupDriver" finished-at="2021-04-05T18:24:15 CDT" duration-ms="5739" status="PASS">
          <reporter-output>
          </reporter-output>
        </test-method> <!-- setupDriver -->
        <test-method signature="purchaseTDC()[pri:0, instance:mi.app.selenium.tsd.MyStoreTest@3a6bb9bf]" started-at="2021-04-05T18:24:15 CDT" name="purchaseTDC" finished-at="2021-04-05T18:24:40 CDT" duration-ms="25148" status="PASS">
          <reporter-output>
          </reporter-output>
        </test-method> <!-- purchaseTDC -->
        <test-method is-config="true" signature="afterTest()[pri:0, instance:mi.app.selenium.tsd.MyStoreTest@3a6bb9bf]" started-at="2021-04-05T18:24:40 CDT" name="afterTest" finished-at="2021-04-05T18:24:40 CDT" duration-ms="752" status="PASS">
          <reporter-output>
          </reporter-output>
        </test-method> <!-- afterTest -->
        <test-method is-config="true" signature="setupDriver()[pri:0, instance:mi.app.selenium.tsd.MyStoreTest@3a6bb9bf]" started-at="2021-04-05T18:24:40 CDT" name="setupDriver" finished-at="2021-04-05T18:24:47 CDT" duration-ms="6745" status="PASS">
          <reporter-output>
          </reporter-output>
        </test-method> <!-- setupDriver -->
        <test-method signature="purchaseCheck()[pri:0, instance:mi.app.selenium.tsd.MyStoreTest@3a6bb9bf]" started-at="2021-04-05T18:24:47 CDT" name="purchaseCheck" finished-at="2021-04-05T18:25:13 CDT" duration-ms="25321" status="PASS">
          <reporter-output>
          </reporter-output>
        </test-method> <!-- purchaseCheck -->
        <test-method is-config="true" signature="afterTest()[pri:0, instance:mi.app.selenium.tsd.MyStoreTest@3a6bb9bf]" started-at="2021-04-05T18:25:13 CDT" name="afterTest" finished-at="2021-04-05T18:25:13 CDT" duration-ms="749" status="PASS">
          <reporter-output>
          </reporter-output>
        </test-method> <!-- afterTest -->
        <test-method is-config="true" signature="setupDriver()[pri:0, instance:mi.app.selenium.tsd.MyStoreTest@3a6bb9bf]" started-at="2021-04-05T18:25:13 CDT" name="setupDriver" finished-at="2021-04-05T18:25:22 CDT" duration-ms="8365" status="PASS">
          <reporter-output>
          </reporter-output>
        </test-method> <!-- setupDriver -->
        <test-method signature="purchaseFromCartTDC()[pri:0, instance:mi.app.selenium.tsd.MyStoreTest@3a6bb9bf]" started-at="2021-04-05T18:25:22 CDT" name="purchaseFromCartTDC" finished-at="2021-04-05T18:25:53 CDT" duration-ms="30968" status="PASS">
          <reporter-output>
          </reporter-output>
        </test-method> <!-- purchaseFromCartTDC -->
        <test-method is-config="true" signature="afterTest()[pri:0, instance:mi.app.selenium.tsd.MyStoreTest@3a6bb9bf]" started-at="2021-04-05T18:25:53 CDT" name="afterTest" finished-at="2021-04-05T18:25:53 CDT" duration-ms="765" status="PASS">
          <reporter-output>
          </reporter-output>
        </test-method> <!-- afterTest -->
        <test-method is-config="true" signature="setupDriver()[pri:0, instance:mi.app.selenium.tsd.MyStoreTest@3a6bb9bf]" started-at="2021-04-05T18:25:53 CDT" name="setupDriver" finished-at="2021-04-05T18:25:59 CDT" duration-ms="5733" status="PASS">
          <reporter-output>
          </reporter-output>
        </test-method> <!-- setupDriver -->
        <test-method signature="purchaseFromCartCheck()[pri:0, instance:mi.app.selenium.tsd.MyStoreTest@3a6bb9bf]" started-at="2021-04-05T18:25:59 CDT" name="purchaseFromCartCheck" finished-at="2021-04-05T18:26:25 CDT" duration-ms="26200" status="PASS">
          <reporter-output>
          </reporter-output>
        </test-method> <!-- purchaseFromCartCheck -->
        <test-method is-config="true" signature="afterTest()[pri:0, instance:mi.app.selenium.tsd.MyStoreTest@3a6bb9bf]" started-at="2021-04-05T18:26:25 CDT" name="afterTest" finished-at="2021-04-05T18:26:26 CDT" duration-ms="768" status="PASS">
          <reporter-output>
          </reporter-output>
        </test-method> <!-- afterTest -->
        <test-method is-config="true" signature="setupDriver()[pri:0, instance:mi.app.selenium.tsd.MyStoreTest@3a6bb9bf]" started-at="2021-04-05T18:26:26 CDT" name="setupDriver" finished-at="2021-04-05T18:26:33 CDT" duration-ms="6781" status="PASS">
          <reporter-output>
          </reporter-output>
        </test-method> <!-- setupDriver -->
        <test-method signature="addToWishList()[pri:0, instance:mi.app.selenium.tsd.MyStoreTest@3a6bb9bf]" started-at="2021-04-05T18:26:33 CDT" name="addToWishList" finished-at="2021-04-05T18:26:51 CDT" duration-ms="18121" status="PASS">
          <reporter-output>
          </reporter-output>
        </test-method> <!-- addToWishList -->
        <test-method is-config="true" signature="afterTest()[pri:0, instance:mi.app.selenium.tsd.MyStoreTest@3a6bb9bf]" started-at="2021-04-05T18:26:51 CDT" name="afterTest" finished-at="2021-04-05T18:26:52 CDT" duration-ms="758" status="PASS">
          <reporter-output>
          </reporter-output>
        </test-method> <!-- afterTest -->
        <test-method is-config="true" signature="setupDriver()[pri:0, instance:mi.app.selenium.tsd.MyStoreTest@3a6bb9bf]" started-at="2021-04-05T18:26:52 CDT" name="setupDriver" finished-at="2021-04-05T18:26:58 CDT" duration-ms="6218" status="PASS">
          <reporter-output>
          </reporter-output>
        </test-method> <!-- setupDriver -->
        <test-method signature="sendWishList()[pri:0, instance:mi.app.selenium.tsd.MyStoreTest@3a6bb9bf]" started-at="2021-04-05T18:26:58 CDT" name="sendWishList" finished-at="2021-04-05T18:27:14 CDT" duration-ms="16444" status="PASS">
          <reporter-output>
          </reporter-output>
        </test-method> <!-- sendWishList -->
        <test-method is-config="true" signature="afterTest()[pri:0, instance:mi.app.selenium.tsd.MyStoreTest@3a6bb9bf]" started-at="2021-04-05T18:27:14 CDT" name="afterTest" finished-at="2021-04-05T18:27:15 CDT" duration-ms="792" status="PASS">
          <reporter-output>
          </reporter-output>
        </test-method> <!-- afterTest -->
      </class> <!-- mi.app.selenium.tsd.MyStoreTest -->
    </test> <!-- Default test -->
  </suite> <!-- Default suite -->
</testng-results>
