<?xml version="1.0" encoding="UTF-8"?>
<!-- Generated by org.testng.reporters.JUnitXMLReporter -->
<testsuite ignored="1" hostname="DESKTOP-O78VITR" failures="0" tests="1" name="Default test" time="16.223" errors="0" timestamp="2021-04-04T13:13:30 CDT">
  <testcase classname="mi.app.selenium.tsd.MyStoreTest" name="searchProduct" time="5.068"/>
  <testcase classname="mi.app.selenium.tsd.MyStoreTest" name="createRopaAccount" time="0.0">
    <ignored/>
  </testcase> <!-- createRopaAccount -->
</testsuite> <!-- Default test -->
